{"C:/Users/endre/WebstormProjects/KvikkTrip-Frontend/src/App.jsx": {"path":"C:/Users/endre/WebstormProjects/KvikkTrip-Frontend/src/App.jsx","statementMap":{"0":{"start":{"line":5,"column":12},"end":{"line":13,"column":null}},"1":{"start":{"line":6,"column":4},"end":{"line":11,"column":null}}},"fnMap":{"0":{"name":"(anonymous_0)","decl":{"start":{"line":5,"column":12},"end":{"line":5,"column":18}},"loc":{"start":{"line":5,"column":18},"end":{"line":13,"column":null}}}},"branchMap":{},"s":{"0":0,"1":0},"f":{"0":0},"b":{}}
,"C:/Users/endre/WebstormProjects/KvikkTrip-Frontend/src/main.jsx": {"path":"C:/Users/endre/WebstormProjects/KvikkTrip-Frontend/src/main.jsx","statementMap":{"0":{"start":{"line":6,"column":0},"end":{"line":10,"column":null}}},"fnMap":{},"branchMap":{},"s":{"0":0},"f":{},"b":{}}
,"C:/Users/endre/WebstormProjects/KvikkTrip-Frontend/src/components/AppHeader.jsx": {"path":"C:/Users/endre/WebstormProjects/KvikkTrip-Frontend/src/components/AppHeader.jsx","statementMap":{"0":{"start":{"line":3,"column":18},"end":{"line":13,"column":null}},"1":{"start":{"line":5,"column":4},"end":{"line":11,"column":null}}},"fnMap":{"0":{"name":"(anonymous_0)","decl":{"start":{"line":3,"column":18},"end":{"line":3,"column":24}},"loc":{"start":{"line":3,"column":24},"end":{"line":13,"column":null}}}},"branchMap":{},"s":{"0":0,"1":0},"f":{"0":0},"b":{}}
,"C:/Users/endre/WebstormProjects/KvikkTrip-Frontend/src/components/LocationCard.jsx": {"path":"C:/Users/endre/WebstormProjects/KvikkTrip-Frontend/src/components/LocationCard.jsx","statementMap":{"0":{"start":{"line":5,"column":21},"end":{"line":19,"column":null}},"1":{"start":{"line":6,"column":25},"end":{"line":6,"column":null}},"2":{"start":{"line":8,"column":24},"end":{"line":10,"column":null}},"3":{"start":{"line":9,"column":8},"end":{"line":9,"column":null}},"4":{"start":{"line":12,"column":4},"end":{"line":17,"column":null}},"5":{"start":{"line":21,"column":0},"end":{"line":23,"column":null}}},"fnMap":{"0":{"name":"(anonymous_0)","decl":{"start":{"line":5,"column":21},"end":{"line":5,"column":22}},"loc":{"start":{"line":5,"column":32},"end":{"line":19,"column":null}}},"1":{"name":"(anonymous_1)","decl":{"start":{"line":8,"column":24},"end":{"line":8,"column":30}},"loc":{"start":{"line":8,"column":30},"end":{"line":10,"column":null}}}},"branchMap":{},"s":{"0":0,"1":0,"2":0,"3":0,"4":0,"5":0},"f":{"0":0,"1":0},"b":{}}
,"C:/Users/endre/WebstormProjects/KvikkTrip-Frontend/src/components/LocationSearch.jsx": {"path":"C:/Users/endre/WebstormProjects/KvikkTrip-Frontend/src/components/LocationSearch.jsx","statementMap":{"0":{"start":{"line":9,"column":23},"end":{"line":36,"column":null}},"1":{"start":{"line":10,"column":46},"end":{"line":10,"column":null}},"2":{"start":{"line":11,"column":40},"end":{"line":11,"column":null}},"3":{"start":{"line":13,"column":25},"end":{"line":15,"column":null}},"4":{"start":{"line":14,"column":8},"end":{"line":14,"column":null}},"5":{"start":{"line":17,"column":4},"end":{"line":34,"column":null}},"6":{"start":{"line":26,"column":34},"end":{"line":26,"column":null}},"7":{"start":{"line":29,"column":34},"end":{"line":29,"column":null}}},"fnMap":{"0":{"name":"(anonymous_0)","decl":{"start":{"line":9,"column":23},"end":{"line":9,"column":29}},"loc":{"start":{"line":9,"column":29},"end":{"line":36,"column":null}}},"1":{"name":"(anonymous_1)","decl":{"start":{"line":13,"column":25},"end":{"line":13,"column":31}},"loc":{"start":{"line":13,"column":31},"end":{"line":15,"column":null}}},"2":{"name":"(anonymous_2)","decl":{"start":{"line":26,"column":24},"end":{"line":26,"column":25}},"loc":{"start":{"line":26,"column":34},"end":{"line":26,"column":null}}},"3":{"name":"(anonymous_3)","decl":{"start":{"line":29,"column":24},"end":{"line":29,"column":25}},"loc":{"start":{"line":29,"column":34},"end":{"line":29,"column":null}}}},"branchMap":{},"s":{"0":1,"1":5,"2":5,"3":5,"4":1,"5":5,"6":1,"7":1},"f":{"0":5,"1":1,"2":1,"3":1},"b":{}}
,"C:/Users/endre/WebstormProjects/KvikkTrip-Frontend/src/components/NavBar.jsx": {"path":"C:/Users/endre/WebstormProjects/KvikkTrip-Frontend/src/components/NavBar.jsx","statementMap":{"0":{"start":{"line":2,"column":15},"end":{"line":8,"column":null}},"1":{"start":{"line":3,"column":4},"end":{"line":6,"column":null}}},"fnMap":{"0":{"name":"(anonymous_0)","decl":{"start":{"line":2,"column":15},"end":{"line":2,"column":21}},"loc":{"start":{"line":2,"column":21},"end":{"line":8,"column":null}}}},"branchMap":{},"s":{"0":0,"1":0},"f":{"0":0},"b":{}}
,"C:/Users/endre/WebstormProjects/KvikkTrip-Frontend/src/components/TravelLocation.js": {"path":"C:/Users/endre/WebstormProjects/KvikkTrip-Frontend/src/components/TravelLocation.js","statementMap":{"0":{"start":{"line":3,"column":8},"end":{"line":3,"column":25}},"1":{"start":{"line":4,"column":8},"end":{"line":4,"column":31}},"2":{"start":{"line":5,"column":8},"end":{"line":5,"column":31}}},"fnMap":{"0":{"name":"(anonymous_0)","decl":{"start":{"line":2,"column":4},"end":{"line":2,"column":15}},"loc":{"start":{"line":2,"column":40},"end":{"line":6,"column":5}}}},"branchMap":{},"s":{"0":0,"1":0,"2":0},"f":{"0":0},"b":{}}
,"C:/Users/endre/WebstormProjects/KvikkTrip-Frontend/src/pages/FrontPage.jsx": {"path":"C:/Users/endre/WebstormProjects/KvikkTrip-Frontend/src/pages/FrontPage.jsx","statementMap":{"0":{"start":{"line":7,"column":18},"end":{"line":25,"column":null}},"1":{"start":{"line":8,"column":23},"end":{"line":8,"column":null}},"2":{"start":{"line":11,"column":4},"end":{"line":23,"column":null}}},"fnMap":{"0":{"name":"(anonymous_0)","decl":{"start":{"line":7,"column":18},"end":{"line":7,"column":24}},"loc":{"start":{"line":7,"column":24},"end":{"line":25,"column":null}}}},"branchMap":{},"s":{"0":0,"1":0,"2":0},"f":{"0":0},"b":{}}
}
