TN:
SF:src\components\AppHeader.jsx
FN:7,(anonymous_0)
FN:11,(anonymous_1)
FN:17,(anonymous_2)
FN:24,(anonymous_3)
FN:26,(anonymous_4)
FNF:5
FNH:1
FNDA:15,(anonymous_0)
FNDA:0,(anonymous_1)
FNDA:0,(anonymous_2)
FNDA:0,(anonymous_3)
FNDA:0,(anonymous_4)
DA:7,1
DA:8,15
DA:9,15
DA:11,15
DA:12,0
DA:15,15
DA:18,0
DA:24,0
DA:26,0
LF:9
LH:5
BRDA:18,0,0,0
BRDA:18,0,1,0
BRDA:20,1,0,15
BRDA:20,1,1,0
BRDA:23,2,0,0
BRDA:23,2,1,15
BRF:6
BRH:2
end_of_record
TN:
SF:src\components\EndBar.jsx
FN:3,(anonymous_0)
FNF:1
FNH:1
FNDA:15,(anonymous_0)
DA:3,1
DA:4,15
LF:2
LH:2
BRF:0
BRH:0
end_of_record
TN:
SF:src\components\HelpPopup.jsx
FN:5,(anonymous_0)
FN:9,(anonymous_1)
FN:25,(anonymous_2)
FN:28,(anonymous_3)
FNF:4
FNH:0
FNDA:0,(anonymous_0)
FNDA:0,(anonymous_1)
FNDA:0,(anonymous_2)
FNDA:0,(anonymous_3)
DA:5,1
DA:6,0
DA:7,0
DA:9,0
DA:10,0
DA:11,0
DA:12,0
DA:15,0
DA:26,0
DA:29,0
LF:10
LH:1
BRDA:29,0,0,0
BRDA:29,0,1,0
BRF:2
BRH:0
end_of_record
TN:
SF:src\components\NavBar.jsx
FN:6,(anonymous_0)
FN:9,(anonymous_1)
FN:14,(anonymous_2)
FN:27,(anonymous_3)
FNF:4
FNH:0
FNDA:0,(anonymous_0)
FNDA:0,(anonymous_1)
FNDA:0,(anonymous_2)
FNDA:0,(anonymous_3)
DA:6,1
DA:7,0
DA:9,0
DA:10,0
DA:11,0
DA:14,0
DA:15,0
DA:18,0
DA:28,0
LF:9
LH:1
BRDA:22,0,0,0
BRDA:22,0,1,0
BRDA:28,1,0,0
BRDA:28,1,1,0
BRDA:40,2,0,0
BRDA:40,2,1,0
BRF:6
BRH:0
end_of_record
TN:
SF:src\components\TravelLocation.js
FN:2,(anonymous_0)
FNF:1
FNH:0
FNDA:0,(anonymous_0)
DA:3,0
DA:4,0
DA:5,0
DA:6,0
DA:7,0
LF:5
LH:0
BRF:0
BRH:0
end_of_record
TN:
SF:src\pages\RegistrationPage.jsx
FN:9,(anonymous_0)
FN:23,(anonymous_1)
FN:25,(anonymous_2)
FN:31,(anonymous_3)
FN:42,(anonymous_4)
FN:64,(anonymous_5)
FN:78,(anonymous_6)
FN:92,(anonymous_7)
FN:106,(anonymous_8)
FN:119,(anonymous_9)
FN:122,(anonymous_10)
FN:136,(anonymous_11)
FNF:12
FNH:12
FNDA:16,(anonymous_0)
FNDA:6,(anonymous_1)
FNDA:6,(anonymous_2)
FNDA:3,(anonymous_3)
FNDA:3,(anonymous_4)
FNDA:1,(anonymous_5)
FNDA:1,(anonymous_6)
FNDA:1,(anonymous_7)
FNDA:1,(anonymous_8)
FNDA:2,(anonymous_9)
FNDA:1,(anonymous_10)
FNDA:1,(anonymous_11)
DA:9,1
DA:10,16
DA:17,16
DA:18,16
DA:20,16
DA:21,16
DA:23,16
DA:24,6
DA:25,6
DA:31,16
DA:32,3
DA:33,2
DA:34,2
DA:37,1
DA:38,1
DA:42,16
DA:43,3
DA:44,2
DA:45,2
DA:49,16
DA:65,1
DA:79,1
DA:93,1
DA:107,1
DA:120,2
DA:123,1
DA:137,1
LF:27
LH:27
BRDA:32,0,0,2
BRDA:32,0,1,1
BRDA:43,1,0,2
BRDA:43,1,1,1
BRDA:54,2,0,16
BRDA:54,2,1,16
BRDA:65,3,0,1
BRDA:65,3,1,0
BRDA:79,4,0,1
BRDA:79,4,1,0
BRDA:93,5,0,1
BRDA:93,5,1,0
BRDA:107,6,0,1
BRDA:107,6,1,0
BRDA:123,7,0,1
BRDA:123,7,1,0
BRDA:137,8,0,1
BRDA:137,8,1,0
BRDA:141,9,0,1
BRDA:141,9,1,15
BRDA:143,10,0,16
BRDA:143,10,1,16
BRDA:148,11,0,16
BRDA:148,11,1,0
BRF:24
BRH:17
end_of_record
TN:
SF:src\services\apiservice.js
FN:3,(anonymous_0)
FN:48,(anonymous_1)
FN:53,(anonymous_2)
FN:68,(anonymous_3)
FN:83,(anonymous_4)
FN:101,(anonymous_5)
FN:119,(anonymous_6)
FN:128,(anonymous_7)
FN:137,(anonymous_8)
FN:154,(anonymous_9)
FN:163,(anonymous_10)
FN:171,(anonymous_11)
FN:189,(anonymous_12)
FNF:13
FNH:0
FNDA:0,(anonymous_0)
FNDA:0,(anonymous_1)
FNDA:0,(anonymous_2)
FNDA:0,(anonymous_3)
FNDA:0,(anonymous_4)
FNDA:0,(anonymous_5)
FNDA:0,(anonymous_6)
FNDA:0,(anonymous_7)
FNDA:0,(anonymous_8)
FNDA:0,(anonymous_9)
FNDA:0,(anonymous_10)
FNDA:0,(anonymous_11)
FNDA:0,(anonymous_12)
DA:3,1
DA:4,0
DA:6,0
DA:7,0
DA:8,0
DA:9,0
DA:16,0
DA:17,0
DA:18,0
DA:19,0
DA:20,0
DA:21,0
DA:24,0
DA:27,0
DA:28,0
DA:29,0
DA:36,0
DA:37,0
DA:38,0
DA:39,0
DA:42,0
DA:45,0
DA:48,0
DA:50,0
DA:53,1
DA:54,0
DA:56,0
DA:57,0
DA:59,0
DA:60,0
DA:61,0
DA:64,0
DA:68,1
DA:69,0
DA:71,0
DA:72,0
DA:74,0
DA:75,0
DA:76,0
DA:79,0
DA:83,1
DA:84,0
DA:86,0
DA:87,0
DA:90,0
DA:92,0
DA:93,0
DA:94,0
DA:97,0
DA:101,1
DA:102,0
DA:104,0
DA:105,0
DA:108,0
DA:110,0
DA:111,0
DA:112,0
DA:115,0
DA:119,1
DA:120,0
DA:121,0
DA:129,0
DA:130,0
DA:132,0
DA:137,1
DA:138,0
DA:139,0
DA:140,0
DA:143,0
DA:145,0
DA:146,0
DA:147,0
DA:150,0
DA:154,1
DA:155,0
DA:156,0
DA:164,0
DA:165,0
DA:167,0
DA:171,1
DA:172,0
DA:174,0
DA:175,0
DA:178,0
DA:180,0
DA:181,0
DA:182,0
DA:185,0
DA:189,1
DA:190,0
DA:191,0
DA:192,0
DA:194,0
DA:202,0
DA:203,0
DA:205,0
DA:206,0
DA:207,0
DA:208,0
DA:211,0
LF:100
LH:10
BRDA:7,0,0,0
BRDA:7,0,1,0
BRDA:19,1,0,0
BRDA:19,1,1,0
BRDA:27,2,0,0
BRDA:27,2,1,0
BRDA:38,3,0,0
BRDA:38,3,1,0
BRDA:59,4,0,0
BRDA:59,4,1,0
BRDA:74,5,0,0
BRDA:74,5,1,0
BRDA:92,6,0,0
BRDA:92,6,1,0
BRDA:110,7,0,0
BRDA:110,7,1,0
BRDA:129,8,0,0
BRDA:129,8,1,0
BRDA:145,9,0,0
BRDA:145,9,1,0
BRDA:164,10,0,0
BRDA:164,10,1,0
BRDA:180,11,0,0
BRDA:180,11,1,0
BRDA:205,12,0,0
BRDA:205,12,1,0
BRF:26
BRH:0
end_of_record
